<?xml version="1.0" encoding="UTF-8"?>
<testsuite xmlns:xsi="http://www.w3.org/2001/XMLSchema-instance" xsi:noNamespaceSchemaLocation="https://maven.apache.org/surefire/maven-surefire-plugin/xsd/surefire-test-report-3.0.xsd" version="3.0" name="in.nit.test.TestEmployee" time="0.071" tests="4" errors="0" skipped="0" failures="0">
  <properties>
[...]
</properties>
  <testcase name="testSave(TestInfo)[1]" classname="in.nit.test.TestEmployee" time="0.025">
    <system-out><![CDATA[Hi: {display name}-1/3
]]></system-out>
  </testcase>
  <testcase name="testSave(TestInfo)[2]" classname="in.nit.test.TestEmployee" time="0.002">
    <system-out><![CDATA[Hi: {display name}-2/3
]]></system-out>
  </testcase>
  <testcase name="testSave(TestInfo)[3]" classname="in.nit.test.TestEmployee" time="0.002">
    <system-out><![CDATA[Hi: {display name}-3/3
]]></system-out>
  </testcase>
  <testcase name="testUpdate" classname="in.nit.test.TestEmployee" time="0.003">
    <system-out><![CDATA[Update
]]></system-out>
  </testcase>
</testsuite>